#
# There is insufficient memory for the Java Runtime Environment to continue.
# Native memory allocation (malloc) failed to allocate 556816 bytes for Chunk::new
# Possible reasons:
#   The system is out of physical RAM or swap space
#   The process is running with CompressedOops enabled, and the Java Heap may be blocking the growth of the native heap
# Possible solutions:
#   Reduce memory load on the system
#   Increase physical memory or swap space
#   Check if swap backing store is full
#   Decrease Java heap size (-Xmx/-Xms)
#   Decrease number of Java threads
#   Decrease Java thread stack sizes (-Xss)
#   Set larger code cache with -XX:ReservedCodeCacheSize=
#   JVM is running with Unscaled Compressed Oops mode in which the Java heap is
#     placed in the first 4GB address space. The Java Heap base address is the
#     maximum limit for the native heap growth. Please use -XX:HeapBaseMinAddress
#     to set the Java Heap base and to place the Java Heap above 4GB virtual address.
# This output file may be truncated or incomplete.
#
#  Out of Memory Error (t:/workspace/open/src/hotspot/share/memory/arena.cpp:197), pid=51632, tid=157924
#
# JRE version: OpenJDK Runtime Environment (11.0.1+13) (build 11.0.1+13)
# Java VM: OpenJDK 64-Bit Server VM (11.0.1+13, mixed mode, tiered, compressed oops, g1 gc, windows-amd64)
# No core dump will be written. Minidumps are not enabled by default on client versions of Windows
#

---------------  S U M M A R Y ------------

Command Line: --add-modules=ALL-SYSTEM --add-opens=java.base/java.util=ALL-UNNAMED --add-opens=java.base/java.lang=ALL-UNNAMED -Declipse.application=org.eclipse.jdt.ls.core.id1 -Dosgi.bundles.defaultStartLevel=4 -Declipse.product=org.eclipse.jdt.ls.core.product -Xverify:none -Xmx1G -XX:+UseG1GC -XX:+UseStringDeduplication C:\Users\Public\frc2019\vscode\data\extensions\redhat.java-0.35.0\server\plugins\org.eclipse.equinox.launcher_1.5.200.v20180922-1751.jar -configuration C:\Users\Public\frc2019\vscode\data\extensions\redhat.java-0.35.0\server\config_win -data c:\Users\Public\frc2019\vscode\data\user-data\User\workspaceStorage\6a69e0d5d4bf4abe53da2a616351f25b\redhat.java\jdt_ws

Host: Intel(R) Core(TM) i7-2720QM CPU @ 2.20GHz, 8 cores, 7G,  Windows 7 , 64 bit Build 7601 (6.1.7601.24335)
Time: Sun Feb 10 14:22:44 2019 Pacific Standard Time elapsed time: 28 seconds (0d 0h 0m 28s)

---------------  T H R E A D  ---------------

Current thread (0x0000000060833000):  JavaThread "C2 CompilerThread0" daemon [_thread_in_native, id=157924, stack(0x00000000611e0000,0x00000000612e0000)]


Current CompileTask:
C2:  28763 4433       4       jdk.internal.jrtfs.JrtFileSystem::checkNode (40 bytes)

Stack: [0x00000000611e0000,0x00000000612e0000]
Native frames: (J=compiled Java code, j=interpreted, Vv=VM code, C=native code)
V  [jvm.dll+0x63ad9a]
V  [jvm.dll+0x77851f]
V  [jvm.dll+0x779b08]
V  [jvm.dll+0x77a1c3]
V  [jvm.dll+0x2624c8]
V  [jvm.dll+0xc5b61]
V  [jvm.dll+0xc60fc]
V  [jvm.dll+0x2d0c84]
V  [jvm.dll+0x552cff]
V  [jvm.dll+0x21e4af]
V  [jvm.dll+0x21b3e6]
V  [jvm.dll+0x198400]
V  [jvm.dll+0x22a4ff]
V  [jvm.dll+0x228b18]
V  [jvm.dll+0x73dc2d]
V  [jvm.dll+0x639e32]
C  [ucrtbase.DLL+0x1d885]
C  [kernel32.dll+0x159cd]
C  [ntdll.dll+0x5385d]


---------------  P R O C E S S  ---------------

Threads class SMR info:
_java_thread_list=0x00000000668eb7f0, length=23, elements={
0x00000000003fb000, 0x0000000060811000, 0x000000006081a800, 0x000000006082e000,
0x0000000060832000, 0x0000000060833000, 0x000000006083b000, 0x0000000060844000,
0x00000000607b4000, 0x00000000618ee800, 0x0000000062fb3800, 0x0000000061808000,
0x000000006306d800, 0x0000000062c0a800, 0x00000000617bb800, 0x0000000061692800,
0x0000000061701000, 0x0000000063584000, 0x0000000067252000, 0x0000000067b00800,
0x0000000061ec1000, 0x00000000620d8000, 0x00000000636b0000
}

Java Threads: ( => current thread )
  0x00000000003fb000 JavaThread "main" [_thread_blocked, id=151212, stack(0x0000000002310000,0x0000000002410000)]
  0x0000000060811000 JavaThread "Reference Handler" daemon [_thread_blocked, id=39152, stack(0x0000000060a70000,0x0000000060b70000)]
  0x000000006081a800 JavaThread "Finalizer" daemon [_thread_blocked, id=156628, stack(0x0000000060d50000,0x0000000060e50000)]
  0x000000006082e000 JavaThread "Signal Dispatcher" daemon [_thread_blocked, id=152616, stack(0x0000000060ec0000,0x0000000060fc0000)]
  0x0000000060832000 JavaThread "Attach Listener" daemon [_thread_blocked, id=158120, stack(0x0000000061060000,0x0000000061160000)]
=>0x0000000060833000 JavaThread "C2 CompilerThread0" daemon [_thread_in_native, id=157924, stack(0x00000000611e0000,0x00000000612e0000)]
  0x000000006083b000 JavaThread "C1 CompilerThread0" daemon [_thread_blocked, id=132788, stack(0x0000000060b90000,0x0000000060c90000)]
  0x0000000060844000 JavaThread "Sweeper thread" daemon [_thread_blocked, id=17284, stack(0x00000000614b0000,0x00000000615b0000)]
  0x00000000607b4000 JavaThread "Common-Cleaner" daemon [_thread_blocked, id=213572, stack(0x0000000061370000,0x0000000061470000)]
  0x00000000618ee800 JavaThread "Service Thread" daemon [_thread_blocked, id=37844, stack(0x0000000061b20000,0x0000000061c20000)]
  0x0000000062fb3800 JavaThread "Active Thread: Equinox Container: 39ae4177-eb60-4085-b648-d7259b300afe" [_thread_blocked, id=158544, stack(0x0000000062690000,0x0000000062790000)]
  0x0000000061808000 JavaThread "Framework Event Dispatcher: Equinox Container: 39ae4177-eb60-4085-b648-d7259b300afe" daemon [_thread_blocked, id=31316, stack(0x0000000064340000,0x0000000064440000)]
  0x000000006306d800 JavaThread "Start Level: Equinox Container: 39ae4177-eb60-4085-b648-d7259b300afe" daemon [_thread_blocked, id=174904, stack(0x0000000063d00000,0x0000000063e00000)]
  0x0000000062c0a800 JavaThread "Worker-JM" [_thread_blocked, id=124672, stack(0x0000000064790000,0x0000000064890000)]
  0x00000000617bb800 JavaThread "Worker-0: Updating Maven Dependencies" [_thread_blocked, id=159460, stack(0x0000000064680000,0x0000000064780000)]
  0x0000000061692800 JavaThread "Worker-1: Initialize Workspace" [_thread_blocked, id=159224, stack(0x0000000064dd0000,0x0000000064ed0000)]
  0x0000000061701000 JavaThread "Worker-2: Repository registry initialization" [_thread_blocked, id=159520, stack(0x0000000065160000,0x0000000065260000)]
  0x0000000063584000 JavaThread "Java indexing" daemon [_thread_blocked, id=101692, stack(0x0000000065c20000,0x0000000065d20000)]
  0x0000000067252000 JavaThread "pool-2-thread-1" [_thread_blocked, id=34868, stack(0x00000000677c0000,0x00000000678c0000)]
  0x0000000067b00800 JavaThread "pool-1-thread-1" [_thread_blocked, id=227448, stack(0x0000000064cb0000,0x0000000064db0000)]
  0x0000000061ec1000 JavaThread "C2 CompilerThread1" daemon [_thread_in_native, id=34952, stack(0x0000000068b40000,0x0000000068c40000)]
  0x00000000620d8000 JavaThread "Worker-3" [_thread_blocked, id=159416, stack(0x0000000068f40000,0x0000000069040000)]
  0x00000000636b0000 JavaThread "C2 CompilerThread2" daemon [_thread_in_native, id=65756, stack(0x0000000071720000,0x0000000071820000)]

Other Threads:
  0x000000006080b000 VMThread "VM Thread" [stack: 0x0000000060950000,0x0000000060a50000] [id=155856]
  0x0000000061871800 WatcherThread [stack: 0x0000000062550000,0x0000000062650000] [id=158164]
  0x0000000000410800 GCTaskThread "GC Thread#0" [stack: 0x0000000019fd0000,0x000000001a0d0000] [id=158092]
  0x00000000630d4800 GCTaskThread "GC Thread#1" [stack: 0x0000000063c00000,0x0000000063d00000] [id=158016]
  0x0000000062e3e000 GCTaskThread "GC Thread#2" [stack: 0x0000000062420000,0x0000000062520000] [id=134264]
  0x00000000622f2000 GCTaskThread "GC Thread#3" [stack: 0x00000000640c0000,0x00000000641c0000] [id=159472]
  0x0000000062f68800 GCTaskThread "GC Thread#4" [stack: 0x00000000652f0000,0x00000000653f0000] [id=159680]
  0x0000000061c38800 GCTaskThread "GC Thread#5" [stack: 0x0000000062a40000,0x0000000062b40000] [id=169868]
  0x0000000061c3d800 GCTaskThread "GC Thread#6" [stack: 0x00000000654e0000,0x00000000655e0000] [id=158308]
  0x0000000061c3e800 GCTaskThread "GC Thread#7" [stack: 0x0000000065670000,0x0000000065770000] [id=157304]
  0x0000000000430800 ConcurrentGCThread "G1 Main Marker" [stack: 0x000000001cee0000,0x000000001cfe0000] [id=118536]
  0x0000000000431800 ConcurrentGCThread "G1 Conc#0" [stack: 0x000000001d110000,0x000000001d210000] [id=151000]
  0x0000000062f57000 ConcurrentGCThread "G1 Conc#1" [stack: 0x0000000065890000,0x0000000065990000] [id=54244]
  0x000000001f7d8800 ConcurrentGCThread "G1 Refine#0" [stack: 0x000000001fb50000,0x000000001fc50000] [id=210720]
  0x000000001f7d9800 ConcurrentGCThread "G1 Young RemSet Sampling" [stack: 0x000000001fcb0000,0x000000001fdb0000] [id=157584]
  0x000000001f7f3000 ConcurrentGCThread "StrDedup" [stack: 0x000000001fdb0000,0x000000001feb0000] [id=195612]

Threads with active compile tasks:
C2 CompilerThread04433       4       jdk.internal.jrtfs.JrtFileSystem::checkNode (40 bytes)
C2 CompilerThread14449       4       jdk.internal.jimage.ImageReader$SharedImageReader::makeDirectories (54 bytes)
C2 CompilerThread24427  s    4       jdk.internal.jimage.ImageReader$SharedImageReader::findNode (36 bytes)

VM state:at safepoint (normal execution)

VM Mutex/Monitor currently owned by a thread:  ([mutex/lock_event])
[0x00000000003f8380] Threads_lock - owner thread: 0x000000006080b000
[0x00000000003f8b50] Heap_lock - owner thread: 0x0000000061701000

Heap address: 0x00000000c0000000, size: 1024 MB, Compressed Oops mode: 32-bit
Narrow klass base: 0x0000000000000000, Narrow klass shift: 0
Compressed class space size: 1073741824 Address: 0x000000001feb0000

Heap:
 garbage-first heap   total 131072K, used 21863K [0x00000000c0000000, 0x0000000100000000)
  region size 1024K, 2 young (2048K), 2 survivors (2048K)
 Metaspace       used 40790K, capacity 42914K, committed 43088K, reserved 1095680K
  class space    used 4182K, capacity 4998K, committed 5120K, reserved 1048576K
Heap Regions: E=young(eden), S=young(survivor), O=old, HS=humongous(starts), HC=humongous(continues), CS=collection set, F=free, A=archive, TAMS=top-at-mark-start (previous, next)
|   0|0x00000000c0000000, 0x00000000c0100000, 0x00000000c0100000|100%| O|  |TAMS 0x00000000c0100000, 0x00000000c0100000| Untracked 
|   1|0x00000000c0100000, 0x00000000c0200000, 0x00000000c0200000|100%| O|  |TAMS 0x00000000c0200000, 0x00000000c0200000| Untracked 
|   2|0x00000000c0200000, 0x00000000c0300000, 0x00000000c0300000|100%| O|  |TAMS 0x00000000c0300000, 0x00000000c0300000| Untracked 
|   3|0x00000000c0300000, 0x00000000c0400000, 0x00000000c0400000|100%| O|  |TAMS 0x00000000c0400000, 0x00000000c0400000| Untracked 
|   4|0x00000000c0400000, 0x00000000c0500000, 0x00000000c0500000|100%| O|  |TAMS 0x00000000c0500000, 0x00000000c0500000| Untracked 
|   5|0x00000000c0500000, 0x00000000c0600000, 0x00000000c0600000|100%| O|  |TAMS 0x00000000c0600000, 0x00000000c0600000| Untracked 
|   6|0x00000000c0600000, 0x00000000c0700000, 0x00000000c0700000|100%| O|  |TAMS 0x00000000c06a5a00, 0x00000000c0700000| Untracked 
|   7|0x00000000c0700000, 0x00000000c0800000, 0x00000000c0800000|100%| O|  |TAMS 0x00000000c0700000, 0x00000000c0800000| Untracked 
|   8|0x00000000c0800000, 0x00000000c0900000, 0x00000000c0900000|100%| O|  |TAMS 0x00000000c0800000, 0x00000000c0900000| Untracked 
|   9|0x00000000c0900000, 0x00000000c0a00000, 0x00000000c0a00000|100%| O|  |TAMS 0x00000000c0900000, 0x00000000c0a00000| Untracked 
|  10|0x00000000c0a00000, 0x00000000c0b00000, 0x00000000c0b00000|100%| O|  |TAMS 0x00000000c0a00000, 0x00000000c0b00000| Untracked 
|  11|0x00000000c0b00000, 0x00000000c0c00000, 0x00000000c0c00000|100%| O|  |TAMS 0x00000000c0b00000, 0x00000000c0c00000| Untracked 
|  12|0x00000000c0c00000, 0x00000000c0d00000, 0x00000000c0d00000|100%| O|  |TAMS 0x00000000c0c00000, 0x00000000c0d00000| Untracked 
|  13|0x00000000c0d00000, 0x00000000c0e00000, 0x00000000c0e00000|100%| O|  |TAMS 0x00000000c0d00000, 0x00000000c0e00000| Untracked 
|  14|0x00000000c0e00000, 0x00000000c0f00000, 0x00000000c0f00000|100%| O|  |TAMS 0x00000000c0e00000, 0x00000000c0f00000| Untracked 
|  15|0x00000000c0f00000, 0x00000000c1000000, 0x00000000c1000000|100%| O|  |TAMS 0x00000000c0f00000, 0x00000000c1000000| Untracked 
|  16|0x00000000c1000000, 0x00000000c1100000, 0x00000000c1100000|100%| O|  |TAMS 0x00000000c1000000, 0x00000000c1100000| Untracked 
|  17|0x00000000c1100000, 0x00000000c1200000, 0x00000000c1200000|100%| O|  |TAMS 0x00000000c1100000, 0x00000000c1200000| Untracked 
|  18|0x00000000c1200000, 0x00000000c1300000, 0x00000000c1300000|100%| O|  |TAMS 0x00000000c1200000, 0x00000000c1300000| Untracked 
|  19|0x00000000c1300000, 0x00000000c1400000, 0x00000000c1400000|100%| O|  |TAMS 0x00000000c1300000, 0x00000000c1400000| Untracked 
|  20|0x00000000c1400000, 0x00000000c1400000, 0x00000000c1500000|  0%| F|  |TAMS 0x00000000c1400000, 0x00000000c1400000| Untracked 
|  21|0x00000000c1500000, 0x00000000c1500000, 0x00000000c1600000|  0%| F|  |TAMS 0x00000000c1500000, 0x00000000c1500000| Untracked 
|  22|0x00000000c1600000, 0x00000000c1600000, 0x00000000c1700000|  0%| F|  |TAMS 0x00000000c1600000, 0x00000000c1600000| Untracked 
|  23|0x00000000c1700000, 0x00000000c1700000, 0x00000000c1800000|  0%| F|  |TAMS 0x00000000c1700000, 0x00000000c1700000| Untracked 
|  24|0x00000000c1800000, 0x00000000c1800000, 0x00000000c1900000|  0%| F|  |TAMS 0x00000000c1800000, 0x00000000c1800000| Untracked 
|  25|0x00000000c1900000, 0x00000000c1900000, 0x00000000c1a00000|  0%| F|  |TAMS 0x00000000c1900000, 0x00000000c1900000| Untracked 
|  26|0x00000000c1a00000, 0x00000000c1a00000, 0x00000000c1b00000|  0%| F|  |TAMS 0x00000000c1a00000, 0x00000000c1a00000| Untracked 
|  27|0x00000000c1b00000, 0x00000000c1b00000, 0x00000000c1c00000|  0%| F|  |TAMS 0x00000000c1b00000, 0x00000000c1b00000| Untracked 
|  28|0x00000000c1c00000, 0x00000000c1c00000, 0x00000000c1d00000|  0%| F|  |TAMS 0x00000000c1c00000, 0x00000000c1c00000| Untracked 
|  29|0x00000000c1d00000, 0x00000000c1d00000, 0x00000000c1e00000|  0%| F|  |TAMS 0x00000000c1d00000, 0x00000000c1d00000| Untracked 
|  30|0x00000000c1e00000, 0x00000000c1e00000, 0x00000000c1f00000|  0%| F|  |TAMS 0x00000000c1e00000, 0x00000000c1e00000| Untracked 
|  31|0x00000000c1f00000, 0x00000000c1f00000, 0x00000000c2000000|  0%| F|  |TAMS 0x00000000c1f00000, 0x00000000c1f00000| Untracked 
|  32|0x00000000c2000000, 0x00000000c2000000, 0x00000000c2100000|  0%| F|  |TAMS 0x00000000c2000000, 0x00000000c2000000| Untracked 
|  33|0x00000000c2100000, 0x00000000c2100000, 0x00000000c2200000|  0%| F|  |TAMS 0x00000000c2100000, 0x00000000c2100000| Untracked 
|  34|0x00000000c2200000, 0x00000000c2200000, 0x00000000c2300000|  0%| F|  |TAMS 0x00000000c2200000, 0x00000000c2200000| Untracked 
|  35|0x00000000c2300000, 0x00000000c2300000, 0x00000000c2400000|  0%| F|  |TAMS 0x00000000c2300000, 0x00000000c2300000| Untracked 
|  36|0x00000000c2400000, 0x00000000c2400000, 0x00000000c2500000|  0%| F|  |TAMS 0x00000000c2400000, 0x00000000c2400000| Untracked 
|  37|0x00000000c2500000, 0x00000000c2500000, 0x00000000c2600000|  0%| F|  |TAMS 0x00000000c2500000, 0x00000000c2500000| Untracked 
|  38|0x00000000c2600000, 0x00000000c2600000, 0x00000000c2700000|  0%| F|  |TAMS 0x00000000c2600000, 0x00000000c2600000| Untracked 
|  39|0x00000000c2700000, 0x00000000c2700000, 0x00000000c2800000|  0%| F|  |TAMS 0x00000000c2700000, 0x00000000c2700000| Untracked 
|  40|0x00000000c2800000, 0x00000000c2800000, 0x00000000c2900000|  0%| F|  |TAMS 0x00000000c2800000, 0x00000000c2800000| Untracked 
|  41|0x00000000c2900000, 0x00000000c2900000, 0x00000000c2a00000|  0%| F|  |TAMS 0x00000000c2900000, 0x00000000c2900000| Untracked 
|  42|0x00000000c2a00000, 0x00000000c2a00000, 0x00000000c2b00000|  0%| F|  |TAMS 0x00000000c2a00000, 0x00000000c2a00000| Untracked 
|  43|0x00000000c2b00000, 0x00000000c2b00000, 0x00000000c2c00000|  0%| F|  |TAMS 0x00000000c2b00000, 0x00000000c2b00000| Untracked 
|  44|0x00000000c2c00000, 0x00000000c2c00000, 0x00000000c2d00000|  0%| F|  |TAMS 0x00000000c2c00000, 0x00000000c2c00000| Untracked 
|  45|0x00000000c2d00000, 0x00000000c2d00000, 0x00000000c2e00000|  0%| F|  |TAMS 0x00000000c2d00000, 0x00000000c2d00000| Untracked 
|  46|0x00000000c2e00000, 0x00000000c2e00000, 0x00000000c2f00000|  0%| F|  |TAMS 0x00000000c2e00000, 0x00000000c2e00000| Untracked 
|  47|0x00000000c2f00000, 0x00000000c2f00000, 0x00000000c3000000|  0%| F|  |TAMS 0x00000000c2f00000, 0x00000000c2f00000| Untracked 
|  48|0x00000000c3000000, 0x00000000c3000000, 0x00000000c3100000|  0%| F|  |TAMS 0x00000000c3000000, 0x00000000c3000000| Untracked 
|  49|0x00000000c3100000, 0x00000000c3100000, 0x00000000c3200000|  0%| F|  |TAMS 0x00000000c3100000, 0x00000000c3100000| Untracked 
|  50|0x00000000c3200000, 0x00000000c3200000, 0x00000000c3300000|  0%| F|  |TAMS 0x00000000c3200000, 0x00000000c3200000| Untracked 
|  51|0x00000000c3300000, 0x00000000c3300000, 0x00000000c3400000|  0%| F|  |TAMS 0x00000000c3300000, 0x00000000c3300000| Untracked 
|  52|0x00000000c3400000, 0x00000000c3400000, 0x00000000c3500000|  0%| F|  |TAMS 0x00000000c3400000, 0x00000000c3400000| Untracked 
|  53|0x00000000c3500000, 0x00000000c3500000, 0x00000000c3600000|  0%| F|  |TAMS 0x00000000c3500000, 0x00000000c3500000| Untracked 
|  54|0x00000000c3600000, 0x00000000c3600000, 0x00000000c3700000|  0%| F|  |TAMS 0x00000000c3600000, 0x00000000c3600000| Untracked 
|  55|0x00000000c3700000, 0x00000000c3700000, 0x00000000c3800000|  0%| F|  |TAMS 0x00000000c3700000, 0x00000000c3700000| Untracked 
|  56|0x00000000c3800000, 0x00000000c3800000, 0x00000000c3900000|  0%| F|  |TAMS 0x00000000c3800000, 0x00000000c3800000| Untracked 
|  57|0x00000000c3900000, 0x00000000c3900000, 0x00000000c3a00000|  0%| F|  |TAMS 0x00000000c3900000, 0x00000000c3900000| Untracked 
|  58|0x00000000c3a00000, 0x00000000c3a00000, 0x00000000c3b00000|  0%| F|  |TAMS 0x00000000c3a00000, 0x00000000c3a00000| Untracked 
|  59|0x00000000c3b00000, 0x00000000c3b00000, 0x00000000c3c00000|  0%| F|  |TAMS 0x00000000c3b00000, 0x00000000c3b00000| Untracked 
|  60|0x00000000c3c00000, 0x00000000c3c00000, 0x00000000c3d00000|  0%| F|  |TAMS 0x00000000c3c00000, 0x00000000c3c00000| Untracked 
|  61|0x00000000c3d00000, 0x00000000c3d00000, 0x00000000c3e00000|  0%| F|  |TAMS 0x00000000c3d00000, 0x00000000c3d00000| Untracked 
|  62|0x00000000c3e00000, 0x00000000c3e00000, 0x00000000c3f00000|  0%| F|  |TAMS 0x00000000c3e00000, 0x00000000c3e00000| Untracked 
|  63|0x00000000c3f00000, 0x00000000c3f00000, 0x00000000c4000000|  0%| F|  |TAMS 0x00000000c3f00000, 0x00000000c3f00000| Untracked 
|  64|0x00000000c4000000, 0x00000000c4000000, 0x00000000c4100000|  0%| F|  |TAMS 0x00000000c4000000, 0x00000000c4000000| Untracked 
|  65|0x00000000c4100000, 0x00000000c4100000, 0x00000000c4200000|  0%| F|  |TAMS 0x00000000c4100000, 0x00000000c4100000| Untracked 
|  66|0x00000000c4200000, 0x00000000c4200000, 0x00000000c4300000|  0%| F|  |TAMS 0x00000000c4200000, 0x00000000c4200000| Untracked 
|  67|0x00000000c4300000, 0x00000000c4300000, 0x00000000c4400000|  0%| F|  |TAMS 0x00000000c4300000, 0x00000000c4300000| Untracked 
|  68|0x00000000c4400000, 0x00000000c4400000, 0x00000000c4500000|  0%| F|  |TAMS 0x00000000c4400000, 0x00000000c4400000| Untracked 
|  69|0x00000000c4500000, 0x00000000c4500000, 0x00000000c4600000|  0%| F|  |TAMS 0x00000000c4500000, 0x00000000c4500000| Untracked 
|  70|0x00000000c4600000, 0x00000000c4600000, 0x00000000c4700000|  0%| F|  |TAMS 0x00000000c4600000, 0x00000000c4600000| Untracked 
|  71|0x00000000c4700000, 0x00000000c4700000, 0x00000000c4800000|  0%| F|  |TAMS 0x00000000c4700000, 0x00000000c4700000| Untracked 
|  72|0x00000000c4800000, 0x00000000c4800000, 0x00000000c4900000|  0%| F|  |TAMS 0x00000000c4800000, 0x00000000c4800000| Untracked 
|  73|0x00000000c4900000, 0x00000000c4900000, 0x00000000c4a00000|  0%| F|  |TAMS 0x00000000c4900000, 0x00000000c4900000| Untracked 
|  74|0x00000000c4a00000, 0x00000000c4a00000, 0x00000000c4b00000|  0%| F|  |TAMS 0x00000000c4a00000, 0x00000000c4a00000| Untracked 
|  75|0x00000000c4b00000, 0x00000000c4b00000, 0x00000000c4c00000|  0%| F|  |TAMS 0x00000000c4b00000, 0x00000000c4b00000| Untracked 
|  76|0x00000000c4c00000, 0x00000000c4c00000, 0x00000000c4d00000|  0%| F|  |TAMS 0x00000000c4c00000, 0x00000000c4c00000| Untracked 
|  77|0x00000000c4d00000, 0x00000000c4d00000, 0x00000000c4e00000|  0%| F|  |TAMS 0x00000000c4d00000, 0x00000000c4d00000| Untracked 
|  78|0x00000000c4e00000, 0x00000000c4e00000, 0x00000000c4f00000|  0%| F|  |TAMS 0x00000000c4e00000, 0x00000000c4e00000| Untracked 
|  79|0x00000000c4f00000, 0x00000000c4f00000, 0x00000000c5000000|  0%| F|  |TAMS 0x00000000c4f00000, 0x00000000c4f00000| Untracked 
|  80|0x00000000c5000000, 0x00000000c5000000, 0x00000000c5100000|  0%| F|  |TAMS 0x00000000c5000000, 0x00000000c5000000| Untracked 
|  81|0x00000000c5100000, 0x00000000c5100000, 0x00000000c5200000|  0%| F|  |TAMS 0x00000000c5100000, 0x00000000c5100000| Untracked 
|  82|0x00000000c5200000, 0x00000000c5200000, 0x00000000c5300000|  0%| F|  |TAMS 0x00000000c5200000, 0x00000000c5200000| Untracked 
|  83|0x00000000c5300000, 0x00000000c5300000, 0x00000000c5400000|  0%| F|  |TAMS 0x00000000c5300000, 0x00000000c5300000| Untracked 
|  84|0x00000000c5400000, 0x00000000c5400000, 0x00000000c5500000|  0%| F|  |TAMS 0x00000000c5400000, 0x00000000c5400000| Untracked 
|  85|0x00000000c5500000, 0x00000000c5500000, 0x00000000c5600000|  0%| F|  |TAMS 0x00000000c5500000, 0x00000000c5500000| Untracked 
|  86|0x00000000c5600000, 0x00000000c5600000, 0x00000000c5700000|  0%| F|  |TAMS 0x00000000c5600000, 0x00000000c5600000| Untracked 
|  87|0x00000000c5700000, 0x00000000c5700000, 0x00000000c5800000|  0%| F|  |TAMS 0x00000000c5700000, 0x00000000c5700000| Untracked 
|  88|0x00000000c5800000, 0x00000000c5800000, 0x00000000c5900000|  0%| F|  |TAMS 0x00000000c5800000, 0x00000000c5800000| Untracked 
|  89|0x00000000c5900000, 0x00000000c5900000, 0x00000000c5a00000|  0%| F|  |TAMS 0x00000000c5900000, 0x00000000c5900000| Untracked 
|  90|0x00000000c5a00000, 0x00000000c5a00000, 0x00000000c5b00000|  0%| F|  |TAMS 0x00000000c5a00000, 0x00000000c5a00000| Untracked 
|  91|0x00000000c5b00000, 0x00000000c5b00000, 0x00000000c5c00000|  0%| F|  |TAMS 0x00000000c5b00000, 0x00000000c5b00000| Untracked 
|  92|0x00000000c5c00000, 0x00000000c5c00000, 0x00000000c5d00000|  0%| F|  |TAMS 0x00000000c5c00000, 0x00000000c5c00000| Untracked 
|  93|0x00000000c5d00000, 0x00000000c5d00000, 0x00000000c5e00000|  0%| F|  |TAMS 0x00000000c5d00000, 0x00000000c5d00000| Untracked 
|  94|0x00000000c5e00000, 0x00000000c5e00000, 0x00000000c5f00000|  0%| F|  |TAMS 0x00000000c5e00000, 0x00000000c5e00000| Untracked 
|  95|0x00000000c5f00000, 0x00000000c5f00000, 0x00000000c6000000|  0%| F|  |TAMS 0x00000000c5f00000, 0x00000000c5f00000| Untracked 
|  96|0x00000000c6000000, 0x00000000c6000000, 0x00000000c6100000|  0%| F|  |TAMS 0x00000000c6000000, 0x00000000c6000000| Untracked 
|  97|0x00000000c6100000, 0x00000000c6100000, 0x00000000c6200000|  0%| F|  |TAMS 0x00000000c6100000, 0x00000000c6100000| Untracked 
|  98|0x00000000c6200000, 0x00000000c6200000, 0x00000000c6300000|  0%| F|  |TAMS 0x00000000c6200000, 0x00000000c6200000| Untracked 
|  99|0x00000000c6300000, 0x00000000c6300000, 0x00000000c6400000|  0%| F|  |TAMS 0x00000000c6300000, 0x00000000c6300000| Untracked 
| 100|0x00000000c6400000, 0x00000000c6400000, 0x00000000c6500000|  0%| F|  |TAMS 0x00000000c6400000, 0x00000000c6400000| Untracked 
| 101|0x00000000c6500000, 0x00000000c6500000, 0x00000000c6600000|  0%| F|  |TAMS 0x00000000c6500000, 0x00000000c6500000| Untracked 
| 102|0x00000000c6600000, 0x00000000c6600000, 0x00000000c6700000|  0%| F|  |TAMS 0x00000000c6600000, 0x00000000c6600000| Untracked 
| 103|0x00000000c6700000, 0x00000000c6700000, 0x00000000c6800000|  0%| F|  |TAMS 0x00000000c6700000, 0x00000000c6700000| Untracked 
| 104|0x00000000c6800000, 0x00000000c6800000, 0x00000000c6900000|  0%| F|  |TAMS 0x00000000c6800000, 0x00000000c6800000| Untracked 
| 105|0x00000000c6900000, 0x00000000c6900000, 0x00000000c6a00000|  0%| F|  |TAMS 0x00000000c6900000, 0x00000000c6900000| Untracked 
| 106|0x00000000c6a00000, 0x00000000c6a00000, 0x00000000c6b00000|  0%| F|  |TAMS 0x00000000c6a00000, 0x00000000c6a00000| Untracked 
| 107|0x00000000c6b00000, 0x00000000c6b00000, 0x00000000c6c00000|  0%| F|  |TAMS 0x00000000c6b00000, 0x00000000c6b00000| Untracked 
| 108|0x00000000c6c00000, 0x00000000c6c00000, 0x00000000c6d00000|  0%| F|  |TAMS 0x00000000c6c00000, 0x00000000c6c00000| Untracked 
| 109|0x00000000c6d00000, 0x00000000c6d00000, 0x00000000c6e00000|  0%| F|  |TAMS 0x00000000c6d00000, 0x00000000c6d00000| Untracked 
| 110|0x00000000c6e00000, 0x00000000c6e00000, 0x00000000c6f00000|  0%| F|  |TAMS 0x00000000c6e00000, 0x00000000c6e00000| Untracked 
| 111|0x00000000c6f00000, 0x00000000c6f00000, 0x00000000c7000000|  0%| F|  |TAMS 0x00000000c6f00000, 0x00000000c6f00000| Untracked 
| 112|0x00000000c7000000, 0x00000000c7000000, 0x00000000c7100000|  0%| F|  |TAMS 0x00000000c7000000, 0x00000000c7000000| Untracked 
| 113|0x00000000c7100000, 0x00000000c7100000, 0x00000000c7200000|  0%| F|  |TAMS 0x00000000c7100000, 0x00000000c7100000| Untracked 
| 114|0x00000000c7200000, 0x00000000c7200000, 0x00000000c7300000|  0%| F|  |TAMS 0x00000000c7200000, 0x00000000c7200000| Untracked 
| 115|0x00000000c7300000, 0x00000000c7359fe8, 0x00000000c7400000| 35%| S|CS|TAMS 0x00000000c7300000, 0x00000000c7300000| Complete 
| 116|0x00000000c7400000, 0x00000000c7500000, 0x00000000c7500000|100%| S|CS|TAMS 0x00000000c7400000, 0x00000000c7400000| Complete 
| 117|0x00000000c7500000, 0x00000000c7500000, 0x00000000c7600000|  0%| F|  |TAMS 0x00000000c7500000, 0x00000000c7500000| Untracked 
| 118|0x00000000c7600000, 0x00000000c7600000, 0x00000000c7700000|  0%| F|  |TAMS 0x00000000c7600000, 0x00000000c7600000| Untracked 
| 119|0x00000000c7700000, 0x00000000c7700000, 0x00000000c7800000|  0%| F|  |TAMS 0x00000000c7700000, 0x00000000c7700000| Untracked 
| 120|0x00000000c7800000, 0x00000000c7800000, 0x00000000c7900000|  0%| F|  |TAMS 0x00000000c7800000, 0x00000000c7800000| Untracked 
| 121|0x00000000c7900000, 0x00000000c7900000, 0x00000000c7a00000|  0%| F|  |TAMS 0x00000000c7900000, 0x00000000c7900000| Untracked 
| 122|0x00000000c7a00000, 0x00000000c7a00000, 0x00000000c7b00000|  0%| F|  |TAMS 0x00000000c7a00000, 0x00000000c7a00000| Untracked 
| 123|0x00000000c7b00000, 0x00000000c7b00000, 0x00000000c7c00000|  0%| F|  |TAMS 0x00000000c7b00000, 0x00000000c7b00000| Untracked 
| 124|0x00000000c7c00000, 0x00000000c7c00000, 0x00000000c7d00000|  0%| F|  |TAMS 0x00000000c7c00000, 0x00000000c7c00000| Untracked 
| 125|0x00000000c7d00000, 0x00000000c7d00000, 0x00000000c7e00000|  0%| F|  |TAMS 0x00000000c7d00000, 0x00000000c7d00000| Untracked 
| 126|0x00000000c7e00000, 0x00000000c7e00000, 0x00000000c7f00000|  0%| F|  |TAMS 0x00000000c7e00000, 0x00000000c7e00000| Untracked 
| 127|0x00000000c7f00000, 0x00000000c7f00000, 0x00000000c8000000|  0%| F|  |TAMS 0x00000000c7f00000, 0x00000000c7f00000| Untracked 

Card table byte_map: [0x000000001aa40000,0x000000001ac40000] _byte_map_base: 0x000000001a440000

Marking Bits (Prev, Next): (CMBitMap*) 0x0000000000429848, (CMBitMap*) 0x0000000000429880
 Prev Bits: [0x000000001ae40000, 0x000000001be40000)
 Next Bits: [0x000000001be40000, 0x000000001ce40000)

Polling page: 0x0000000000130000

Metaspace:

Usage:
  Non-class:     37.03 MB capacity,    35.75 MB ( 97%) used,     1.21 MB (  3%) free+waste,    71.38 KB ( <1%) overhead. 
      Class:      4.88 MB capacity,     4.08 MB ( 84%) used,   781.84 KB ( 16%) free+waste,    33.75 KB ( <1%) overhead. 
       Both:     41.91 MB capacity,    39.83 MB ( 95%) used,     1.97 MB (  5%) free+waste,   105.13 KB ( <1%) overhead. 

Virtual space:
  Non-class space:       46.00 MB reserved,      37.08 MB ( 81%) committed 
      Class space:        1.00 GB reserved,       5.00 MB ( <1%) committed 
             Both:        1.04 GB reserved,      42.08 MB (  4%) committed 

Chunk freelists:
   Non-Class:  6.50 KB
       Class:  3.25 KB
        Both:  9.75 KB

CodeHeap 'non-profiled nmethods': size=120000Kb used=1784Kb max_used=1808Kb free=118216Kb
 bounds [0x0000000012960000, 0x0000000012bd0000, 0x0000000019e90000]
CodeHeap 'profiled nmethods': size=120000Kb used=8523Kb max_used=8637Kb free=111476Kb
 bounds [0x000000000b430000, 0x000000000bcb0000, 0x0000000012960000]
CodeHeap 'non-nmethods': size=5760Kb used=1196Kb max_used=1249Kb free=4563Kb
 bounds [0x000000000ae90000, 0x000000000b100000, 0x000000000b430000]
 total_blobs=6036 nmethods=3941 adapters=466
 compilation: enabled
              stopped_count=0, restarted_count=0
 full_count=0

Compilation events (10 events):
Event: 28.739 Thread 0x000000006083b000 4493       1       org.eclipse.core.internal.preferences.EclipsePreferences::setLoading (6 bytes)
Event: 28.739 Thread 0x000000006083b000 nmethod 4493 0x0000000012a73010 code [0x0000000012a731c0, 0x0000000012a732d8]
Event: 28.739 Thread 0x000000006083b000 4490       1       org.eclipse.core.internal.resources.Project::getType (2 bytes)
Event: 28.739 Thread 0x000000006083b000 nmethod 4490 0x0000000012a72c90 code [0x0000000012a72e40, 0x0000000012a72f58]
Event: 28.746 Thread 0x000000006083b000 4496  s    3       java.lang.StringBuffer::append (15 bytes)
Event: 28.760 Thread 0x000000006083b000 nmethod 4496 0x000000000ba42f90 code [0x000000000ba43160, 0x000000000ba43490]
Event: 28.760 Thread 0x000000006083b000 4497       3       org.eclipse.core.runtime.Status::setMessage (19 bytes)
Event: 28.760 Thread 0x000000006083b000 nmethod 4497 0x000000000ba42a90 code [0x000000000ba42c60, 0x000000000ba42ed8]
Event: 28.760 Thread 0x000000006083b000 4498       3       org.eclipse.jdt.internal.compiler.parser.Scanner::getCurrentIdentifierSource (142 bytes)
Event: 28.761 Thread 0x000000006083b000 nmethod 4498 0x000000000ba41f90 code [0x000000000ba421e0, 0x000000000ba42900]

GC Heap History (10 events):
Event: 8.488 GC heap before
{Heap before GC invocations=1 (full 0):
 garbage-first heap   total 131072K, used 24588K [0x00000000c0000000, 0x0000000100000000)
  region size 1024K, 25 young (25600K), 3 survivors (3072K)
 Metaspace       used 20425K, capacity 21179K, committed 21296K, reserved 1069056K
  class space    used 1872K, capacity 2162K, committed 2176K, reserved 1048576K
}
Event: 8.537 GC heap after
{Heap after GC invocations=2 (full 0):
 garbage-first heap   total 131072K, used 7313K [0x00000000c0000000, 0x0000000100000000)
  region size 1024K, 7 young (7168K), 7 survivors (7168K)
 Metaspace       used 20425K, capacity 21179K, committed 21296K, reserved 1069056K
  class space    used 1872K, capacity 2162K, committed 2176K, reserved 1048576K
}
Event: 8.708 GC heap before
{Heap before GC invocations=3 (full 0):
 garbage-first heap   total 131072K, used 8337K [0x00000000c0000000, 0x0000000100000000)
  region size 1024K, 9 young (9216K), 7 survivors (7168K)
 Metaspace       used 20941K, capacity 21787K, committed 22192K, reserved 1069056K
  class space    used 1893K, capacity 2194K, committed 2304K, reserved 1048576K
}
Event: 8.734 GC heap after
{Heap after GC invocations=4 (full 0):
 garbage-first heap   total 131072K, used 7252K [0x00000000c0000000, 0x0000000100000000)
  region size 1024K, 1 young (1024K), 1 survivors (1024K)
 Metaspace       used 20941K, capacity 21787K, committed 22192K, reserved 1069056K
  class space    used 1893K, capacity 2194K, committed 2304K, reserved 1048576K
}
Event: 23.704 GC heap before
{Heap before GC invocations=4 (full 0):
 garbage-first heap   total 131072K, used 70740K [0x00000000c0000000, 0x0000000100000000)
  region size 1024K, 64 young (65536K), 1 survivors (1024K)
 Metaspace       used 30392K, capacity 31742K, committed 31920K, reserved 1077248K
  class space    used 3027K, capacity 3513K, committed 3584K, reserved 1048576K
}
Event: 23.725 GC heap after
{Heap after GC invocations=5 (full 0):
 garbage-first heap   total 131072K, used 10764K [0x00000000c0000000, 0x0000000100000000)
  region size 1024K, 4 young (4096K), 4 survivors (4096K)
 Metaspace       used 30392K, capacity 31742K, committed 31920K, reserved 1077248K
  class space    used 3027K, capacity 3513K, committed 3584K, reserved 1048576K
}
Event: 26.720 GC heap before
{Heap before GC invocations=5 (full 0):
 garbage-first heap   total 131072K, used 41484K [0x00000000c0000000, 0x0000000100000000)
  region size 1024K, 35 young (35840K), 4 survivors (4096K)
 Metaspace       used 34176K, capacity 35794K, committed 35920K, reserved 1081344K
  class space    used 3436K, capacity 4004K, committed 4096K, reserved 1048576K
}
Event: 26.768 GC heap after
{Heap after GC invocations=6 (full 0):
 garbage-first heap   total 131072K, used 15536K [0x00000000c0000000, 0x0000000100000000)
  region size 1024K, 9 young (9216K), 9 survivors (9216K)
 Metaspace       used 34176K, capacity 35794K, committed 35920K, reserved 1081344K
  class space    used 3436K, capacity 4004K, committed 4096K, reserved 1048576K
}
Event: 28.608 GC heap before
{Heap before GC invocations=7 (full 0):
 garbage-first heap   total 131072K, used 74928K [0x00000000c0000000, 0x0000000100000000)
  region size 1024K, 68 young (69632K), 9 survivors (9216K)
 Metaspace       used 40088K, capacity 42210K, committed 42448K, reserved 1087488K
  class space    used 4104K, capacity 4870K, committed 4992K, reserved 1048576K
}
Event: 28.632 GC heap after
{Heap after GC invocations=8 (full 0):
 garbage-first heap   total 131072K, used 20761K [0x00000000c0000000, 0x0000000100000000)
  region size 1024K, 6 young (6144K), 6 survivors (6144K)
 Metaspace       used 40088K, capacity 42210K, committed 42448K, reserved 1087488K
  class space    used 4104K, capacity 4870K, committed 4992K, reserved 1048576K
}

Deoptimization events (10 events):
Event: 28.239 Thread 0x00000000617bb800 Uncommon trap: reason=unstable_if action=reinterpret pc=0x0000000012980c48 method=java.util.TreeMap.put(Ljava/lang/Object;Ljava/lang/Object;)Ljava/lang/Object; @ 55 c2
Event: 28.278 Thread 0x0000000061692800 Uncommon trap: reason=profile_predicate action=maybe_recompile pc=0x0000000012a19780 method=jdk.internal.jimage.ImageStringsReader.charsFromByteBuffer([CLjava/nio/ByteBuffer;)V @ 6 c2
Event: 28.278 Thread 0x0000000061692800 Uncommon trap: reason=profile_predicate action=maybe_recompile pc=0x0000000012a19780 method=jdk.internal.jimage.ImageStringsReader.charsFromByteBuffer([CLjava/nio/ByteBuffer;)V @ 6 c2
Event: 28.278 Thread 0x0000000061692800 Uncommon trap: reason=profile_predicate action=maybe_recompile pc=0x0000000012a19780 method=jdk.internal.jimage.ImageStringsReader.charsFromByteBuffer([CLjava/nio/ByteBuffer;)V @ 6 c2
Event: 28.278 Thread 0x0000000061692800 Uncommon trap: reason=profile_predicate action=maybe_recompile pc=0x0000000012a19780 method=jdk.internal.jimage.ImageStringsReader.charsFromByteBuffer([CLjava/nio/ByteBuffer;)V @ 6 c2
Event: 28.294 Thread 0x0000000061692800 Uncommon trap: reason=unstable_if action=reinterpret pc=0x0000000012a28780 method=jdk.internal.jrtfs.JrtPath.normalize(Ljava/lang/String;)Ljava/lang/String; @ 78 c2
Event: 28.525 Thread 0x0000000061692800 Uncommon trap: reason=bimorphic_or_optimized_type_check action=maybe_recompile pc=0x0000000012a82b64 method=jdk.internal.jimage.ImageReader$SharedImageReader.findNode(Ljava/lang/String;)Ljdk/internal/jimage/ImageReader$Node; @ 22 c2
Event: 28.525 Thread 0x0000000061692800 Uncommon trap: reason=bimorphic_or_optimized_type_check action=maybe_recompile pc=0x0000000012a82b64 method=jdk.internal.jimage.ImageReader$SharedImageReader.findNode(Ljava/lang/String;)Ljdk/internal/jimage/ImageReader$Node; @ 22 c2
Event: 28.525 Thread 0x0000000061692800 Uncommon trap: reason=bimorphic_or_optimized_type_check action=maybe_recompile pc=0x0000000012a82b64 method=jdk.internal.jimage.ImageReader$SharedImageReader.findNode(Ljava/lang/String;)Ljdk/internal/jimage/ImageReader$Node; @ 22 c2
Event: 28.525 Thread 0x0000000061692800 Uncommon trap: reason=bimorphic_or_optimized_type_check action=maybe_recompile pc=0x0000000012a82b64 method=jdk.internal.jimage.ImageReader$SharedImageReader.findNode(Ljava/lang/String;)Ljdk/internal/jimage/ImageReader$Node; @ 22 c2

Classes redefined (0 events):
No events

Internal exceptions (10 events):
Event: 25.194 Thread 0x000000006306d800 Exception <a 'java/lang/NoClassDefFoundError'{0x00000000c6c67410}: com/google/inject/servlet/ServletModuleTargetVisitor> (0x00000000c6c67410) thrown at [t:/workspace/open/src/hotspot/share/classfile/systemDictionary.cpp, line 220]
Event: 25.195 Thread 0x000000006306d800 Exception <a 'java/lang/NoClassDefFoundError'{0x00000000c6c6bf98}: javax/annotation/Priority> (0x00000000c6c6bf98) thrown at [t:/workspace/open/src/hotspot/share/classfile/systemDictionary.cpp, line 220]
Event: 26.553 Thread 0x000000006306d800 Exception <a 'java/lang/ClassNotFoundException'{0x00000000c6351500}: com/sun/org/apache/xml/internal/serializer/spi/XMLEntitiesProvider> (0x00000000c6351500) thrown at [t:/workspace/open/src/hotspot/share/classfile/systemDictionary.cpp, line 231]
Event: 27.102 Thread 0x00000000003fb000 Exception <a 'java/lang/NoSuchMethodError'{0x00000000c7d455e0}: java.lang.invoke.DirectMethodHandle$Holder.invokeStatic(Ljava/lang/Object;Ljava/lang/Object;Ljava/lang/Object;Ljava/lang/Object;)V> (0x00000000c7d455e0) thrown at [t:/workspace/open/src/hotsp
Event: 27.867 Thread 0x0000000061692800 Implicit null exception at 0x0000000012a2d615 to 0x0000000012a2dc2e
Event: 27.868 Thread 0x0000000061692800 Exception <a 'sun/nio/fs/WindowsException'{0x00000000c69ce2c0}> (0x00000000c69ce2c0) thrown at [t:/workspace/open/src/hotspot/share/prims/jni.cpp, line 615]
Event: 28.239 Thread 0x00000000617bb800 Implicit null exception at 0x000000001297fe70 to 0x0000000012980c2e
Event: 28.263 Thread 0x0000000061701000 Exception <a 'java/io/FileNotFoundException'{0x00000000c64f7b38}> (0x00000000c64f7b38) thrown at [t:/workspace/open/src/hotspot/share/prims/jni.cpp, line 615]
Event: 28.443 Thread 0x0000000061692800 Exception <a 'java/io/FileNotFoundException'{0x00000000c4cff788}> (0x00000000c4cff788) thrown at [t:/workspace/open/src/hotspot/share/prims/jni.cpp, line 615]
Event: 28.444 Thread 0x0000000061692800 Exception <a 'java/io/FileNotFoundException'{0x00000000c4b01dc0}> (0x00000000c4b01dc0) thrown at [t:/workspace/open/src/hotspot/share/prims/jni.cpp, line 615]

Events (10 events):
Event: 28.639 Executing VM operation: RevokeBias
Event: 28.640 Executing VM operation: RevokeBias done
Event: 28.647 Executing VM operation: Deoptimize
Event: 28.648 Executing VM operation: Deoptimize done
Event: 28.691 Thread 0x00000000617bb800 DEOPT PACKING pc=0x000000000b5e552c sp=0x000000006477d8f0
Event: 28.691 Thread 0x00000000617bb800 DEOPT UNPACKING pc=0x000000000aeb8bce sp=0x000000006477cd50 mode 0
Event: 28.691 Thread 0x00000000617bb800 DEOPT PACKING pc=0x000000000b5ec234 sp=0x000000006477d990
Event: 28.691 Thread 0x00000000617bb800 DEOPT UNPACKING pc=0x000000000aeb8bce sp=0x000000006477ce48 mode 0
Event: 28.744 Executing VM operation: Deoptimize
Event: 28.745 Executing VM operation: Deoptimize done


Dynamic libraries:
0x000000013f7e0000 - 0x000000013f825000 	C:\Users\Public\frc2019\jdk\bin\java.exe
0x00000000776d0000 - 0x000000007786f000 	C:\Windows\SYSTEM32\ntdll.dll
0x00000000775b0000 - 0x00000000776cf000 	C:\Windows\system32\kernel32.dll
0x000007fefd3a0000 - 0x000007fefd40a000 	C:\Windows\system32\KERNELBASE.dll
0x00000000774b0000 - 0x00000000775aa000 	C:\Windows\system32\USER32.dll
0x000007feff370000 - 0x000007feff3d7000 	C:\Windows\system32\GDI32.dll
0x000007feff090000 - 0x000007feff09e000 	C:\Windows\system32\LPK.dll
0x000007fefea00000 - 0x000007fefeacb000 	C:\Windows\system32\USP10.dll
0x000007fefef20000 - 0x000007fefefbf000 	C:\Windows\system32\msvcrt.dll
0x000007fefbda0000 - 0x000007fefbf94000 	C:\Windows\WinSxS\amd64_microsoft.windows.common-controls_6595b64144ccf1df_6.0.7601.18837_none_fa3b1e3d17594757\COMCTL32.dll
0x000007fefebb0000 - 0x000007fefec21000 	C:\Windows\system32\SHLWAPI.dll
0x000007fefd5e0000 - 0x000007fefd60e000 	C:\Windows\system32\IMM32.DLL
0x000007fefecd0000 - 0x000007fefedd9000 	C:\Windows\system32\MSCTF.dll
0x000007fefd140000 - 0x000007fefd184000 	C:\Windows\system32\nvinitx.dll
0x000007feff6e0000 - 0x000007feff7bb000 	C:\Windows\system32\ADVAPI32.dll
0x000007feff9a0000 - 0x000007feff9bf000 	C:\Windows\SYSTEM32\sechost.dll
0x000007fefedf0000 - 0x000007fefef1d000 	C:\Windows\system32\RPCRT4.dll
0x000007fef69b0000 - 0x000007fef69b3000 	C:\Windows\system32\api-ms-win-core-synch-l1-2-0.DLL
0x000007fef00a0000 - 0x000007fef00b6000 	C:\Users\Public\frc2019\jdk\bin\vcruntime140.dll
0x000007fef00d0000 - 0x000007fef00d4000 	C:\Users\Public\frc2019\jdk\bin\api-ms-win-crt-runtime-l1-1-0.dll
0x000007feeffa0000 - 0x000007fef0096000 	C:\Users\Public\frc2019\jdk\bin\ucrtbase.DLL
0x000007fef05f0000 - 0x000007fef05f3000 	C:\Users\Public\frc2019\jdk\bin\api-ms-win-core-localization-l1-2-0.dll
0x000007fef00c0000 - 0x000007fef00c3000 	C:\Users\Public\frc2019\jdk\bin\api-ms-win-core-processthreads-l1-1-1.dll
0x000007feeff80000 - 0x000007feeff83000 	C:\Users\Public\frc2019\jdk\bin\api-ms-win-core-file-l1-2-0.dll
0x000007feeff90000 - 0x000007feeff93000 	C:\Users\Public\frc2019\jdk\bin\api-ms-win-core-timezone-l1-1-0.dll
0x000007feeff60000 - 0x000007feeff63000 	C:\Users\Public\frc2019\jdk\bin\api-ms-win-core-file-l2-1-0.dll
0x000007feeff70000 - 0x000007feeff74000 	C:\Users\Public\frc2019\jdk\bin\api-ms-win-crt-string-l1-1-0.dll
0x000007feeff40000 - 0x000007feeff43000 	C:\Users\Public\frc2019\jdk\bin\api-ms-win-crt-heap-l1-1-0.dll
0x000007feeff50000 - 0x000007feeff54000 	C:\Users\Public\frc2019\jdk\bin\api-ms-win-crt-stdio-l1-1-0.dll
0x000007feeff20000 - 0x000007feeff24000 	C:\Users\Public\frc2019\jdk\bin\api-ms-win-crt-convert-l1-1-0.dll
0x000007feefe80000 - 0x000007feeff1b000 	C:\Users\Public\frc2019\jdk\bin\msvcp140.dll
0x000007feeff30000 - 0x000007feeff33000 	C:\Users\Public\frc2019\jdk\bin\api-ms-win-crt-locale-l1-1-0.dll
0x000007feefe60000 - 0x000007feefe65000 	C:\Users\Public\frc2019\jdk\bin\api-ms-win-crt-math-l1-1-0.dll
0x000007feefe70000 - 0x000007feefe73000 	C:\Users\Public\frc2019\jdk\bin\api-ms-win-crt-time-l1-1-0.dll
0x000007feefe40000 - 0x000007feefe43000 	C:\Users\Public\frc2019\jdk\bin\api-ms-win-crt-filesystem-l1-1-0.dll
0x000007feefe50000 - 0x000007feefe53000 	C:\Users\Public\frc2019\jdk\bin\api-ms-win-crt-environment-l1-1-0.dll
0x000007feefe20000 - 0x000007feefe23000 	C:\Users\Public\frc2019\jdk\bin\api-ms-win-crt-utility-l1-1-0.dll
0x000007fed92e0000 - 0x000007fed9e21000 	C:\Users\Public\frc2019\jdk\bin\server\jvm.dll
0x000007fef2de0000 - 0x000007fef2de9000 	C:\Windows\system32\WSOCK32.dll
0x000007feff040000 - 0x000007feff08d000 	C:\Windows\system32\WS2_32.dll
0x000007fefede0000 - 0x000007fefede8000 	C:\Windows\system32\NSI.dll
0x000007fef9cf0000 - 0x000007fef9d2b000 	C:\Windows\system32\WINMM.dll
0x000007fefc290000 - 0x000007fefc29c000 	C:\Windows\system32\VERSION.dll
0x0000000077870000 - 0x0000000077877000 	C:\Windows\system32\PSAPI.DLL
0x000007feefe00000 - 0x000007feefe11000 	C:\Users\Public\frc2019\jdk\bin\verify.dll
0x000007feeec00000 - 0x000007feeed25000 	C:\Windows\system32\DBGHELP.DLL
0x000007feefdd0000 - 0x000007feefdf8000 	C:\Users\Public\frc2019\jdk\bin\java.dll
0x000007feefdb0000 - 0x000007feefdc6000 	C:\Users\Public\frc2019\jdk\bin\zip.dll
0x000007feefe30000 - 0x000007feefe3a000 	C:\Users\Public\frc2019\jdk\bin\jimage.dll
0x000007fefdae0000 - 0x000007fefe86a000 	C:\Windows\system32\SHELL32.dll
0x000007feff3e0000 - 0x000007feff5df000 	C:\Windows\system32\ole32.dll
0x000007fefd230000 - 0x000007fefd23f000 	C:\Windows\system32\profapi.dll
0x000007feefd70000 - 0x000007feefd89000 	C:\Users\Public\frc2019\jdk\bin\net.dll
0x000007fefaac0000 - 0x000007fefab31000 	C:\Windows\system32\WINHTTP.dll
0x000007fefa9f0000 - 0x000007fefaa55000 	C:\Windows\system32\webio.dll
0x000007fefc910000 - 0x000007fefc965000 	C:\Windows\system32\mswsock.dll
0x000007fefc900000 - 0x000007fefc907000 	C:\Windows\System32\wship6.dll
0x000007feefd90000 - 0x000007feefda3000 	C:\Users\Public\frc2019\jdk\bin\nio.dll
0x000007fefc970000 - 0x000007fefc988000 	C:\Windows\system32\CRYPTSP.dll
0x000007fefc670000 - 0x000007fefc6b7000 	C:\Windows\system32\rsaenh.dll
0x000007fefd380000 - 0x000007fefd39e000 	C:\Windows\system32\USERENV.dll
0x000007fefcfd0000 - 0x000007fefcfdf000 	C:\Windows\system32\CRYPTBASE.dll
0x000007fefae40000 - 0x000007fefae67000 	C:\Windows\system32\IPHLPAPI.DLL
0x000007fefae20000 - 0x000007fefae2b000 	C:\Windows\system32\WINNSI.DLL
0x000007fefad00000 - 0x000007fefad18000 	C:\Windows\system32\dhcpcsvc.DLL
0x000007fefa5a0000 - 0x000007fefa5b1000 	C:\Windows\system32\dhcpcsvc6.DLL
0x000007feefb30000 - 0x000007feefb59000 	C:\Users\Public\frc2019\vscode\data\extensions\redhat.java-0.35.0\server\config_win\org.eclipse.equinox.launcher\org.eclipse.equinox.launcher.win32.win32.x86_64_1.1.900.v20180922-1751\eclipse_1801.dll

dbghelp: loaded successfully - version: 4.0.5 - missing functions: none
symbol engine: initialized successfully - sym options: 0x614 - pdb path: .;C:\Users\Public\frc2019\jdk\bin;C:\Windows\SYSTEM32;C:\Windows\WinSxS\amd64_microsoft.windows.common-controls_6595b64144ccf1df_6.0.7601.18837_none_fa3b1e3d17594757;C:\Users\Public\frc2019\jdk\bin\server;C:\Users\Public\frc2019\vscode\data\extensions\redhat.java-0.35.0\server\config_win\org.eclipse.equinox.launcher\org.eclipse.equinox.launcher.win32.win32.x86_64_1.1.900.v20180922-1751

VM Arguments:
jvm_args: --add-modules=ALL-SYSTEM --add-opens=java.base/java.util=ALL-UNNAMED --add-opens=java.base/java.lang=ALL-UNNAMED -Declipse.application=org.eclipse.jdt.ls.core.id1 -Dosgi.bundles.defaultStartLevel=4 -Declipse.product=org.eclipse.jdt.ls.core.product -Xverify:none -Xmx1G -XX:+UseG1GC -XX:+UseStringDeduplication 
java_command: C:\Users\Public\frc2019\vscode\data\extensions\redhat.java-0.35.0\server\plugins\org.eclipse.equinox.launcher_1.5.200.v20180922-1751.jar -configuration C:\Users\Public\frc2019\vscode\data\extensions\redhat.java-0.35.0\server\config_win -data c:\Users\Public\frc2019\vscode\data\user-data\User\workspaceStorage\6a69e0d5d4bf4abe53da2a616351f25b\redhat.java\jdt_ws
java_class_path (initial): C:\Users\Public\frc2019\vscode\data\extensions\redhat.java-0.35.0\server\plugins\org.eclipse.equinox.launcher_1.5.200.v20180922-1751.jar
Launcher Type: SUN_STANDARD

[Global flags]
     bool BytecodeVerificationLocal                = false                                     {product} {command line}
     bool BytecodeVerificationRemote               = false                                     {product} {command line}
     intx CICompilerCount                          = 4                                         {product} {ergonomic}
     uint ConcGCThreads                            = 2                                         {product} {ergonomic}
     uint G1ConcRefinementThreads                  = 8                                         {product} {ergonomic}
   size_t G1HeapRegionSize                         = 1048576                                   {product} {ergonomic}
    uintx GCDrainStackTargetSize                   = 64                                        {product} {ergonomic}
   size_t InitialHeapSize                          = 134217728                                 {product} {ergonomic}
   size_t MarkStackSize                            = 4194304                                   {product} {ergonomic}
   size_t MaxHeapSize                              = 1073741824                                {product} {command line}
   size_t MaxNewSize                               = 643825664                                 {product} {ergonomic}
   size_t MinHeapDeltaBytes                        = 1048576                                   {product} {ergonomic}
    uintx NonNMethodCodeHeapSize                   = 5835340                                {pd product} {ergonomic}
    uintx NonProfiledCodeHeapSize                  = 122911450                              {pd product} {ergonomic}
    uintx ProfiledCodeHeapSize                     = 122911450                              {pd product} {ergonomic}
    uintx ReservedCodeCacheSize                    = 251658240                              {pd product} {ergonomic}
     bool SegmentedCodeCache                       = true                                      {product} {ergonomic}
     bool UseCompressedClassPointers               = true                                 {lp64_product} {ergonomic}
     bool UseCompressedOops                        = true                                 {lp64_product} {ergonomic}
     bool UseG1GC                                  = true                                      {product} {command line}
     bool UseLargePagesIndividualAllocation        = false                                  {pd product} {ergonomic}
     bool UseStringDeduplication                   = true                                      {product} {command line}

Logging:
Log output configuration:
 #0: stdout all=warning uptime,level,tags
 #1: stderr all=off uptime,level,tags

Environment Variables:
PATH=C:\ProgramData\Oracle\Java\javapath;c:\frc;c:\mingw\bin;C:\Program Files (x86)\NVIDIA Corporation\PhysX\Common;C:\Program Files\Dell\DW WLAN Card;C:\Windows\system32;C:\Windows;C:\Windows\System32\Wbem;C:\Windows\System32\WindowsPowerShell\v1.0\;C:\Program Files (x86)\Intel\Services\IPT\;C:\Program Files\Intel\WiFi\bin\;C:\Program Files\Common Files\Intel\WirelessCommon\;C:\Program Files (x86)\Intel\OpenCL SDK\2.0\bin\x86;C:\Program Files (x86)\Intel\OpenCL SDK\2.0\bin\x64;C:\Program Files\Microsoft SQL Server\Client SDK\ODBC\110\Tools\Binn\;C:\Program Files (x86)\Microsoft SQL Server\120\Tools\Binn\;C:\Program Files\Microsoft SQL Server\120\Tools\Binn\;C:\Program Files\Microsoft SQL Server\120\DTS\Binn\;C:\Program Files (x86)\Windows Kits\8.1\Windows Performance Toolkit\;C:\Program Files\PuTTY\;C:\frc\bin;C:\Program Files (x86)\IVI Foundation\VISA\WinNT\Bin\;C:\Program Files\IVI Foundation\VISA\Win64\Bin\;C:\Program Files (x86)\IVI Foundation\VISA\WinNT\Bin;C:\Users\Public\frc2019\roborio\bin;C:\Users\Public\frc2019\frccode;C:\Program Files\Git\cmd;C:\Program Files\Intel\WiFi\bin\;C:\Program Files\Common Files\Intel\WirelessCommon\;C:\Users\Public\frc2019\roborio\bin;C:\Users\Public\frc2019\frccode
USERNAME=3953
OS=Windows_NT
PROCESSOR_IDENTIFIER=Intel64 Family 6 Model 42 Stepping 7, GenuineIntel



---------------  S Y S T E M  ---------------

OS: Windows 7 , 64 bit Build 7601 (6.1.7601.24335)

CPU:total 8 (initial active 8) (4 cores per cpu, 2 threads per core) family 6 model 42 stepping 7, cmov, cx8, fxsr, mmx, sse, sse2, sse3, ssse3, sse4.1, sse4.2, popcnt, avx, aes, clmul, ht, tsc, tscinvbit

Memory: 4k page, system-wide physical 8073M (1032M free)
TotalPageFile size 32290M (AvailPageFile size 4M)
current process WorkingSet (physical memory assigned to process): 225M, peak: 225M
current process commit charge ("private bytes"): 304M, peak: 306M

vm_info: OpenJDK 64-Bit Server VM (11.0.1+13) for windows-amd64 JRE (11.0.1+13), built on Oct  6 2018 13:18:13 by "mach5one" with MS VC++ 15.5 (VS2017)

END.
